{"C:\\Users\\hassane\\Downloads\\practice-react-projects\\node_rest_api\\backend\\config\\db.js": {"path":"C:\\Users\\hassane\\Downloads\\practice-react-projects\\node_rest_api\\backend\\config\\db.js","statementMap":{"0":{"start":{"line":1,"column":17},"end":{"line":1,"column":36}},"1":{"start":{"line":3,"column":18},"end":{"line":21,"column":1}},"2":{"start":{"line":4,"column":2},"end":{"line":20,"column":3}},"3":{"start":{"line":7,"column":6},"end":{"line":9,"column":31}},"4":{"start":{"line":11,"column":4},"end":{"line":13,"column":5}},"5":{"start":{"line":12,"column":6},"end":{"line":12,"column":107}},"6":{"start":{"line":15,"column":17},"end":{"line":15,"column":46}},"7":{"start":{"line":16,"column":4},"end":{"line":16,"column":62}},"8":{"start":{"line":18,"column":4},"end":{"line":18,"column":45}},"9":{"start":{"line":19,"column":4},"end":{"line":19,"column":20}},"10":{"start":{"line":23,"column":0},"end":{"line":23,"column":27}}},"fnMap":{"0":{"name":"(anonymous_0)","decl":{"start":{"line":3,"column":18},"end":{"line":3,"column":19}},"loc":{"start":{"line":3,"column":30},"end":{"line":21,"column":1}},"line":3}},"branchMap":{"0":{"loc":{"start":{"line":7,"column":6},"end":{"line":9,"column":31}},"type":"cond-expr","locations":[{"start":{"line":8,"column":10},"end":{"line":8,"column":36}},{"start":{"line":9,"column":10},"end":{"line":9,"column":31}}],"line":7},"1":{"loc":{"start":{"line":11,"column":4},"end":{"line":13,"column":5}},"type":"if","locations":[{"start":{"line":11,"column":4},"end":{"line":13,"column":5}},{"start":{},"end":{}}],"line":11}},"s":{"0":4,"1":4,"2":5,"3":5,"4":5,"5":1,"6":4,"7":3,"8":2,"9":2,"10":4},"f":{"0":5},"b":{"0":[5,0],"1":[1,4]},"_coverageSchema":"1a1c01bbd47fc00a2c39e90264f33305004495a9","hash":"2f71cb5c90ac1f4f2d38f150be09baf18160f8cf"}
,"C:\\Users\\hassane\\Downloads\\practice-react-projects\\node_rest_api\\backend\\controllers\\todoController.js": {"path":"C:\\Users\\hassane\\Downloads\\practice-react-projects\\node_rest_api\\backend\\controllers\\todoController.js","statementMap":{"0":{"start":{"line":1,"column":21},"end":{"line":1,"column":53}},"1":{"start":{"line":2,"column":13},"end":{"line":2,"column":43}},"2":{"start":{"line":3,"column":29},"end":{"line":3,"column":57}},"3":{"start":{"line":4,"column":13},"end":{"line":4,"column":43}},"4":{"start":{"line":9,"column":17},"end":{"line":12,"column":2}},"5":{"start":{"line":10,"column":18},"end":{"line":10,"column":56}},"6":{"start":{"line":11,"column":4},"end":{"line":11,"column":32}},"7":{"start":{"line":17,"column":19},"end":{"line":32,"column":2}},"8":{"start":{"line":18,"column":19},"end":{"line":18,"column":40}},"9":{"start":{"line":19,"column":4},"end":{"line":22,"column":5}},"10":{"start":{"line":20,"column":6},"end":{"line":20,"column":22}},"11":{"start":{"line":21,"column":6},"end":{"line":21,"column":69}},"12":{"start":{"line":21,"column":48},"end":{"line":21,"column":55}},"13":{"start":{"line":24,"column":22},"end":{"line":24,"column":30}},"14":{"start":{"line":26,"column":17},"end":{"line":30,"column":6}},"15":{"start":{"line":31,"column":4},"end":{"line":31,"column":31}},"16":{"start":{"line":41,"column":20},"end":{"line":56,"column":2}},"17":{"start":{"line":42,"column":17},"end":{"line":42,"column":51}},"18":{"start":{"line":44,"column":4},"end":{"line":47,"column":5}},"19":{"start":{"line":45,"column":8},"end":{"line":45,"column":24}},"20":{"start":{"line":46,"column":8},"end":{"line":46,"column":42}},"21":{"start":{"line":50,"column":4},"end":{"line":53,"column":5}},"22":{"start":{"line":51,"column":8},"end":{"line":51,"column":24}},"23":{"start":{"line":52,"column":8},"end":{"line":52,"column":47}},"24":{"start":{"line":55,"column":4},"end":{"line":55,"column":31}},"25":{"start":{"line":66,"column":19},"end":{"line":81,"column":2}},"26":{"start":{"line":67,"column":24},"end":{"line":71,"column":5}},"27":{"start":{"line":73,"column":4},"end":{"line":78,"column":5}},"28":{"start":{"line":74,"column":8},"end":{"line":74,"column":24}},"29":{"start":{"line":77,"column":8},"end":{"line":77,"column":65}},"30":{"start":{"line":80,"column":4},"end":{"line":80,"column":38}},"31":{"start":{"line":87,"column":19},"end":{"line":96,"column":2}},"32":{"start":{"line":88,"column":24},"end":{"line":88,"column":94}},"33":{"start":{"line":90,"column":4},"end":{"line":93,"column":5}},"34":{"start":{"line":91,"column":8},"end":{"line":91,"column":24}},"35":{"start":{"line":92,"column":8},"end":{"line":92,"column":65}},"36":{"start":{"line":95,"column":4},"end":{"line":95,"column":48}},"37":{"start":{"line":98,"column":0},"end":{"line":104,"column":2}}},"fnMap":{"0":{"name":"(anonymous_0)","decl":{"start":{"line":9,"column":30},"end":{"line":9,"column":31}},"loc":{"start":{"line":9,"column":50},"end":{"line":12,"column":1}},"line":9},"1":{"name":"(anonymous_1)","decl":{"start":{"line":17,"column":32},"end":{"line":17,"column":33}},"loc":{"start":{"line":17,"column":52},"end":{"line":32,"column":1}},"line":17},"2":{"name":"(anonymous_2)","decl":{"start":{"line":21,"column":41},"end":{"line":21,"column":42}},"loc":{"start":{"line":21,"column":48},"end":{"line":21,"column":55}},"line":21},"3":{"name":"(anonymous_3)","decl":{"start":{"line":41,"column":33},"end":{"line":41,"column":34}},"loc":{"start":{"line":41,"column":53},"end":{"line":56,"column":1}},"line":41},"4":{"name":"(anonymous_4)","decl":{"start":{"line":66,"column":32},"end":{"line":66,"column":33}},"loc":{"start":{"line":66,"column":52},"end":{"line":81,"column":1}},"line":66},"5":{"name":"(anonymous_5)","decl":{"start":{"line":87,"column":32},"end":{"line":87,"column":33}},"loc":{"start":{"line":87,"column":52},"end":{"line":96,"column":1}},"line":87}},"branchMap":{"0":{"loc":{"start":{"line":19,"column":4},"end":{"line":22,"column":5}},"type":"if","locations":[{"start":{"line":19,"column":4},"end":{"line":22,"column":5}},{"start":{},"end":{}}],"line":19},"1":{"loc":{"start":{"line":44,"column":4},"end":{"line":47,"column":5}},"type":"if","locations":[{"start":{"line":44,"column":4},"end":{"line":47,"column":5}},{"start":{},"end":{}}],"line":44},"2":{"loc":{"start":{"line":50,"column":4},"end":{"line":53,"column":5}},"type":"if","locations":[{"start":{"line":50,"column":4},"end":{"line":53,"column":5}},{"start":{},"end":{}}],"line":50},"3":{"loc":{"start":{"line":73,"column":4},"end":{"line":78,"column":5}},"type":"if","locations":[{"start":{"line":73,"column":4},"end":{"line":78,"column":5}},{"start":{},"end":{}}],"line":73},"4":{"loc":{"start":{"line":90,"column":4},"end":{"line":93,"column":5}},"type":"if","locations":[{"start":{"line":90,"column":4},"end":{"line":93,"column":5}},{"start":{},"end":{}}],"line":90}},"s":{"0":4,"1":4,"2":4,"3":4,"4":4,"5":3,"6":3,"7":4,"8":5,"9":5,"10":2,"11":2,"12":2,"13":3,"14":3,"15":3,"16":4,"17":5,"18":5,"19":1,"20":1,"21":4,"22":2,"23":2,"24":2,"25":4,"26":6,"27":6,"28":3,"29":3,"30":3,"31":4,"32":4,"33":4,"34":1,"35":1,"36":3,"37":4},"f":{"0":3,"1":5,"2":2,"3":5,"4":6,"5":4},"b":{"0":[2,3],"1":[1,4],"2":[2,2],"3":[3,3],"4":[1,3]},"_coverageSchema":"1a1c01bbd47fc00a2c39e90264f33305004495a9","hash":"774352cf08e76fc36562d6d2ef91227366dc35fa"}
,"C:\\Users\\hassane\\Downloads\\practice-react-projects\\node_rest_api\\backend\\controllers\\userController.js": {"path":"C:\\Users\\hassane\\Downloads\\practice-react-projects\\node_rest_api\\backend\\controllers\\userController.js","statementMap":{"0":{"start":{"line":1,"column":12},"end":{"line":1,"column":35}},"1":{"start":{"line":2,"column":15},"end":{"line":2,"column":34}},"2":{"start":{"line":3,"column":21},"end":{"line":3,"column":53}},"3":{"start":{"line":4,"column":13},"end":{"line":4,"column":43}},"4":{"start":{"line":5,"column":29},"end":{"line":5,"column":57}},"5":{"start":{"line":6,"column":22},"end":{"line":6,"column":55}},"6":{"start":{"line":11,"column":21},"end":{"line":50,"column":2}},"7":{"start":{"line":12,"column":17},"end":{"line":12,"column":38}},"8":{"start":{"line":13,"column":2},"end":{"line":16,"column":3}},"9":{"start":{"line":14,"column":4},"end":{"line":14,"column":20}},"10":{"start":{"line":15,"column":4},"end":{"line":15,"column":67}},"11":{"start":{"line":15,"column":46},"end":{"line":15,"column":53}},"12":{"start":{"line":18,"column":36},"end":{"line":18,"column":44}},"13":{"start":{"line":21,"column":21},"end":{"line":21,"column":50}},"14":{"start":{"line":23,"column":2},"end":{"line":26,"column":3}},"15":{"start":{"line":24,"column":4},"end":{"line":24,"column":20}},"16":{"start":{"line":25,"column":4},"end":{"line":25,"column":43}},"17":{"start":{"line":33,"column":15},"end":{"line":37,"column":4}},"18":{"start":{"line":39,"column":2},"end":{"line":49,"column":3}},"19":{"start":{"line":40,"column":4},"end":{"line":45,"column":7}},"20":{"start":{"line":47,"column":4},"end":{"line":47,"column":20}},"21":{"start":{"line":48,"column":4},"end":{"line":48,"column":41}},"22":{"start":{"line":55,"column":18},"end":{"line":78,"column":2}},"23":{"start":{"line":56,"column":17},"end":{"line":56,"column":38}},"24":{"start":{"line":57,"column":2},"end":{"line":60,"column":3}},"25":{"start":{"line":58,"column":4},"end":{"line":58,"column":20}},"26":{"start":{"line":59,"column":4},"end":{"line":59,"column":67}},"27":{"start":{"line":59,"column":46},"end":{"line":59,"column":53}},"28":{"start":{"line":62,"column":30},"end":{"line":62,"column":38}},"29":{"start":{"line":65,"column":15},"end":{"line":65,"column":44}},"30":{"start":{"line":67,"column":2},"end":{"line":77,"column":3}},"31":{"start":{"line":68,"column":4},"end":{"line":73,"column":7}},"32":{"start":{"line":75,"column":4},"end":{"line":75,"column":20}},"33":{"start":{"line":76,"column":4},"end":{"line":76,"column":43}},"34":{"start":{"line":80,"column":0},"end":{"line":83,"column":2}}},"fnMap":{"0":{"name":"(anonymous_0)","decl":{"start":{"line":11,"column":34},"end":{"line":11,"column":35}},"loc":{"start":{"line":11,"column":54},"end":{"line":50,"column":1}},"line":11},"1":{"name":"(anonymous_1)","decl":{"start":{"line":15,"column":39},"end":{"line":15,"column":40}},"loc":{"start":{"line":15,"column":46},"end":{"line":15,"column":53}},"line":15},"2":{"name":"(anonymous_2)","decl":{"start":{"line":55,"column":31},"end":{"line":55,"column":32}},"loc":{"start":{"line":55,"column":51},"end":{"line":78,"column":1}},"line":55},"3":{"name":"(anonymous_3)","decl":{"start":{"line":59,"column":39},"end":{"line":59,"column":40}},"loc":{"start":{"line":59,"column":46},"end":{"line":59,"column":53}},"line":59}},"branchMap":{"0":{"loc":{"start":{"line":13,"column":2},"end":{"line":16,"column":3}},"type":"if","locations":[{"start":{"line":13,"column":2},"end":{"line":16,"column":3}},{"start":{},"end":{}}],"line":13},"1":{"loc":{"start":{"line":23,"column":2},"end":{"line":26,"column":3}},"type":"if","locations":[{"start":{"line":23,"column":2},"end":{"line":26,"column":3}},{"start":{},"end":{}}],"line":23},"2":{"loc":{"start":{"line":39,"column":2},"end":{"line":49,"column":3}},"type":"if","locations":[{"start":{"line":39,"column":2},"end":{"line":49,"column":3}},{"start":{"line":46,"column":9},"end":{"line":49,"column":3}}],"line":39},"3":{"loc":{"start":{"line":57,"column":2},"end":{"line":60,"column":3}},"type":"if","locations":[{"start":{"line":57,"column":2},"end":{"line":60,"column":3}},{"start":{},"end":{}}],"line":57},"4":{"loc":{"start":{"line":67,"column":2},"end":{"line":77,"column":3}},"type":"if","locations":[{"start":{"line":67,"column":2},"end":{"line":77,"column":3}},{"start":{"line":74,"column":9},"end":{"line":77,"column":3}}],"line":67},"5":{"loc":{"start":{"line":67,"column":6},"end":{"line":67,"column":61}},"type":"binary-expr","locations":[{"start":{"line":67,"column":6},"end":{"line":67,"column":10}},{"start":{"line":67,"column":15},"end":{"line":67,"column":60}}],"line":67}},"s":{"0":4,"1":4,"2":4,"3":4,"4":4,"5":4,"6":4,"7":23,"8":23,"9":3,"10":3,"11":3,"12":20,"13":20,"14":20,"15":2,"16":2,"17":18,"18":18,"19":17,"20":1,"21":1,"22":4,"23":6,"24":6,"25":1,"26":1,"27":1,"28":5,"29":5,"30":5,"31":2,"32":3,"33":3,"34":4},"f":{"0":23,"1":3,"2":6,"3":1},"b":{"0":[3,20],"1":[2,18],"2":[17,1],"3":[1,5],"4":[2,3],"5":[5,4]},"_coverageSchema":"1a1c01bbd47fc00a2c39e90264f33305004495a9","hash":"42db2e1328a296a4599394a788ca4d406bf85dfd"}
,"C:\\Users\\hassane\\Downloads\\practice-react-projects\\node_rest_api\\backend\\middleware\\authMiddleware.js": {"path":"C:\\Users\\hassane\\Downloads\\practice-react-projects\\node_rest_api\\backend\\middleware\\authMiddleware.js","statementMap":{"0":{"start":{"line":1,"column":12},"end":{"line":1,"column":35}},"1":{"start":{"line":2,"column":21},"end":{"line":2,"column":53}},"2":{"start":{"line":3,"column":13},"end":{"line":3,"column":43}},"3":{"start":{"line":5,"column":16},"end":{"line":37,"column":2}},"4":{"start":{"line":8,"column":2},"end":{"line":11,"column":3}},"5":{"start":{"line":9,"column":4},"end":{"line":9,"column":20}},"6":{"start":{"line":10,"column":4},"end":{"line":10,"column":48}},"7":{"start":{"line":13,"column":2},"end":{"line":36,"column":3}},"8":{"start":{"line":15,"column":4},"end":{"line":15,"column":52}},"9":{"start":{"line":18,"column":20},"end":{"line":18,"column":61}},"10":{"start":{"line":21,"column":4},"end":{"line":21,"column":67}},"11":{"start":{"line":23,"column":4},"end":{"line":26,"column":5}},"12":{"start":{"line":24,"column":6},"end":{"line":24,"column":22}},"13":{"start":{"line":25,"column":6},"end":{"line":25,"column":56}},"14":{"start":{"line":28,"column":4},"end":{"line":28,"column":11}},"15":{"start":{"line":30,"column":4},"end":{"line":30,"column":20}},"16":{"start":{"line":32,"column":4},"end":{"line":34,"column":5}},"17":{"start":{"line":33,"column":6},"end":{"line":33,"column":18}},"18":{"start":{"line":35,"column":4},"end":{"line":35,"column":52}},"19":{"start":{"line":39,"column":0},"end":{"line":39,"column":29}}},"fnMap":{"0":{"name":"(anonymous_0)","decl":{"start":{"line":5,"column":29},"end":{"line":5,"column":30}},"loc":{"start":{"line":5,"column":55},"end":{"line":37,"column":1}},"line":5}},"branchMap":{"0":{"loc":{"start":{"line":8,"column":2},"end":{"line":11,"column":3}},"type":"if","locations":[{"start":{"line":8,"column":2},"end":{"line":11,"column":3}},{"start":{},"end":{}}],"line":8},"1":{"loc":{"start":{"line":8,"column":6},"end":{"line":8,"column":83}},"type":"binary-expr","locations":[{"start":{"line":8,"column":6},"end":{"line":8,"column":32}},{"start":{"line":8,"column":36},"end":{"line":8,"column":83}}],"line":8},"2":{"loc":{"start":{"line":23,"column":4},"end":{"line":26,"column":5}},"type":"if","locations":[{"start":{"line":23,"column":4},"end":{"line":26,"column":5}},{"start":{},"end":{}}],"line":23},"3":{"loc":{"start":{"line":32,"column":4},"end":{"line":34,"column":5}},"type":"if","locations":[{"start":{"line":32,"column":4},"end":{"line":34,"column":5}},{"start":{},"end":{}}],"line":32}},"s":{"0":4,"1":4,"2":4,"3":4,"4":20,"5":4,"6":4,"7":16,"8":16,"9":16,"10":15,"11":15,"12":1,"13":1,"14":14,"15":2,"16":2,"17":1,"18":1,"19":4},"f":{"0":20},"b":{"0":[4,16],"1":[20,17],"2":[1,14],"3":[1,1]},"_coverageSchema":"1a1c01bbd47fc00a2c39e90264f33305004495a9","hash":"4a256941b8811423dd236f26b5025242c7f4c07c"}
,"C:\\Users\\hassane\\Downloads\\practice-react-projects\\node_rest_api\\backend\\middleware\\errorHandler.js": {"path":"C:\\Users\\hassane\\Downloads\\practice-react-projects\\node_rest_api\\backend\\middleware\\errorHandler.js","statementMap":{"0":{"start":{"line":1,"column":21},"end":{"line":10,"column":1}},"1":{"start":{"line":2,"column":21},"end":{"line":2,"column":58}},"2":{"start":{"line":4,"column":2},"end":{"line":4,"column":25}},"3":{"start":{"line":6,"column":2},"end":{"line":9,"column":5}},"4":{"start":{"line":12,"column":0},"end":{"line":14,"column":2}}},"fnMap":{"0":{"name":"(anonymous_0)","decl":{"start":{"line":1,"column":21},"end":{"line":1,"column":22}},"loc":{"start":{"line":1,"column":46},"end":{"line":10,"column":1}},"line":1}},"branchMap":{"0":{"loc":{"start":{"line":2,"column":21},"end":{"line":2,"column":58}},"type":"cond-expr","locations":[{"start":{"line":2,"column":38},"end":{"line":2,"column":52}},{"start":{"line":2,"column":55},"end":{"line":2,"column":58}}],"line":2},"1":{"loc":{"start":{"line":8,"column":11},"end":{"line":8,"column":67}},"type":"cond-expr","locations":[{"start":{"line":8,"column":51},"end":{"line":8,"column":55}},{"start":{"line":8,"column":58},"end":{"line":8,"column":67}}],"line":8}},"s":{"0":4,"1":13,"2":13,"3":13,"4":4},"f":{"0":13},"b":{"0":[12,1],"1":[0,13]},"_coverageSchema":"1a1c01bbd47fc00a2c39e90264f33305004495a9","hash":"3f323ad198ace58a7e592076b07926bcd7041768"}
,"C:\\Users\\hassane\\Downloads\\practice-react-projects\\node_rest_api\\backend\\models\\todoModel.js": {"path":"C:\\Users\\hassane\\Downloads\\practice-react-projects\\node_rest_api\\backend\\models\\todoModel.js","statementMap":{"0":{"start":{"line":1,"column":17},"end":{"line":1,"column":36}},"1":{"start":{"line":3,"column":19},"end":{"line":19,"column":2}},"2":{"start":{"line":21,"column":0},"end":{"line":21,"column":52}}},"fnMap":{},"branchMap":{},"s":{"0":4,"1":4,"2":4},"f":{},"b":{},"_coverageSchema":"1a1c01bbd47fc00a2c39e90264f33305004495a9","hash":"24ca034e83845f87614a09f39fd9ec9ceb7159f7"}
,"C:\\Users\\hassane\\Downloads\\practice-react-projects\\node_rest_api\\backend\\models\\userModel.js": {"path":"C:\\Users\\hassane\\Downloads\\practice-react-projects\\node_rest_api\\backend\\models\\userModel.js","statementMap":{"0":{"start":{"line":1,"column":17},"end":{"line":1,"column":36}},"1":{"start":{"line":2,"column":15},"end":{"line":2,"column":34}},"2":{"start":{"line":4,"column":19},"end":{"line":31,"column":1}},"3":{"start":{"line":34,"column":0},"end":{"line":43,"column":3}},"4":{"start":{"line":35,"column":2},"end":{"line":37,"column":3}},"5":{"start":{"line":36,"column":4},"end":{"line":36,"column":18}},"6":{"start":{"line":40,"column":15},"end":{"line":40,"column":39}},"7":{"start":{"line":41,"column":2},"end":{"line":41,"column":57}},"8":{"start":{"line":42,"column":2},"end":{"line":42,"column":9}},"9":{"start":{"line":45,"column":13},"end":{"line":45,"column":47}},"10":{"start":{"line":46,"column":0},"end":{"line":46,"column":22}}},"fnMap":{"0":{"name":"(anonymous_0)","decl":{"start":{"line":34,"column":23},"end":{"line":34,"column":24}},"loc":{"start":{"line":34,"column":45},"end":{"line":43,"column":1}},"line":34}},"branchMap":{"0":{"loc":{"start":{"line":35,"column":2},"end":{"line":37,"column":3}},"type":"if","locations":[{"start":{"line":35,"column":2},"end":{"line":37,"column":3}},{"start":{},"end":{}}],"line":35}},"s":{"0":6,"1":6,"2":6,"3":6,"4":21,"5":0,"6":21,"7":21,"8":21,"9":6,"10":6},"f":{"0":21},"b":{"0":[0,21]},"_coverageSchema":"1a1c01bbd47fc00a2c39e90264f33305004495a9","hash":"d1c18e774376f2bc7fb08de7cfad54941df07866"}
,"C:\\Users\\hassane\\Downloads\\practice-react-projects\\node_rest_api\\backend\\routes\\todoRoutes.js": {"path":"C:\\Users\\hassane\\Downloads\\practice-react-projects\\node_rest_api\\backend\\routes\\todoRoutes.js","statementMap":{"0":{"start":{"line":1,"column":16},"end":{"line":1,"column":34}},"1":{"start":{"line":2,"column":15},"end":{"line":2,"column":31}},"2":{"start":{"line":9,"column":4},"end":{"line":9,"column":44}},"3":{"start":{"line":10,"column":20},"end":{"line":10,"column":59}},"4":{"start":{"line":11,"column":17},"end":{"line":11,"column":45}},"5":{"start":{"line":14,"column":0},"end":{"line":21,"column":4}},"6":{"start":{"line":24,"column":0},"end":{"line":24,"column":100}},"7":{"start":{"line":26,"column":0},"end":{"line":26,"column":24}}},"fnMap":{},"branchMap":{},"s":{"0":3,"1":3,"2":3,"3":3,"4":3,"5":3,"6":3,"7":3},"f":{},"b":{},"_coverageSchema":"1a1c01bbd47fc00a2c39e90264f33305004495a9","hash":"cb4bf0d3454a3f76a83a5bfa91db436844fcf6ed"}
,"C:\\Users\\hassane\\Downloads\\practice-react-projects\\node_rest_api\\backend\\routes\\userRoutes.js": {"path":"C:\\Users\\hassane\\Downloads\\practice-react-projects\\node_rest_api\\backend\\routes\\userRoutes.js","statementMap":{"0":{"start":{"line":1,"column":16},"end":{"line":1,"column":34}},"1":{"start":{"line":2,"column":15},"end":{"line":2,"column":31}},"2":{"start":{"line":3,"column":36},"end":{"line":3,"column":76}},"3":{"start":{"line":4,"column":17},"end":{"line":4,"column":45}},"4":{"start":{"line":6,"column":0},"end":{"line":16,"column":2}},"5":{"start":{"line":18,"column":0},"end":{"line":22,"column":2}},"6":{"start":{"line":24,"column":0},"end":{"line":24,"column":24}}},"fnMap":{},"branchMap":{},"s":{"0":3,"1":3,"2":3,"3":3,"4":3,"5":3,"6":3},"f":{},"b":{},"_coverageSchema":"1a1c01bbd47fc00a2c39e90264f33305004495a9","hash":"4d4cd99d31aa7a2a51e0c638a97bd15f895734e7"}
,"C:\\Users\\hassane\\Downloads\\practice-react-projects\\node_rest_api\\backend\\utils\\generateToken.js": {"path":"C:\\Users\\hassane\\Downloads\\practice-react-projects\\node_rest_api\\backend\\utils\\generateToken.js","statementMap":{"0":{"start":{"line":1,"column":12},"end":{"line":1,"column":35}},"1":{"start":{"line":4,"column":22},"end":{"line":8,"column":1}},"2":{"start":{"line":5,"column":2},"end":{"line":7,"column":5}},"3":{"start":{"line":10,"column":0},"end":{"line":10,"column":31}}},"fnMap":{"0":{"name":"(anonymous_0)","decl":{"start":{"line":4,"column":22},"end":{"line":4,"column":23}},"loc":{"start":{"line":4,"column":30},"end":{"line":8,"column":1}},"line":4}},"branchMap":{},"s":{"0":5,"1":5,"2":18,"3":5},"f":{"0":18},"b":{},"_coverageSchema":"1a1c01bbd47fc00a2c39e90264f33305004495a9","hash":"5e0ba9a585172dff9e9036d2906cc82579cc57b4"}
}
