TN:
SF:config\db.js
FN:3,(anonymous_0)
FNF:1
FNH:1
FNDA:5,(anonymous_0)
DA:1,4
DA:3,4
DA:4,5
DA:7,5
DA:11,5
DA:12,1
DA:15,4
DA:16,3
DA:18,2
DA:19,2
DA:23,4
LF:11
LH:11
BRDA:7,0,0,5
BRDA:7,0,1,0
BRDA:11,1,0,1
BRDA:11,1,1,4
BRF:4
BRH:3
end_of_record
TN:
SF:controllers\todoController.js
FN:9,(anonymous_0)
FN:17,(anonymous_1)
FN:21,(anonymous_2)
FN:41,(anonymous_3)
FN:66,(anonymous_4)
FN:87,(anonymous_5)
FNF:6
FNH:6
FNDA:3,(anonymous_0)
FNDA:5,(anonymous_1)
FNDA:2,(anonymous_2)
FNDA:5,(anonymous_3)
FNDA:6,(anonymous_4)
FNDA:4,(anonymous_5)
DA:1,4
DA:2,4
DA:3,4
DA:4,4
DA:9,4
DA:10,3
DA:11,3
DA:17,4
DA:18,5
DA:19,5
DA:20,2
DA:21,2
DA:24,3
DA:26,3
DA:31,3
DA:41,4
DA:42,5
DA:44,5
DA:45,1
DA:46,1
DA:50,4
DA:51,2
DA:52,2
DA:55,2
DA:66,4
DA:67,6
DA:73,6
DA:74,3
DA:77,3
DA:80,3
DA:87,4
DA:88,4
DA:90,4
DA:91,1
DA:92,1
DA:95,3
DA:98,4
LF:37
LH:37
BRDA:19,0,0,2
BRDA:19,0,1,3
BRDA:44,1,0,1
BRDA:44,1,1,4
BRDA:50,2,0,2
BRDA:50,2,1,2
BRDA:73,3,0,3
BRDA:73,3,1,3
BRDA:90,4,0,1
BRDA:90,4,1,3
BRF:10
BRH:10
end_of_record
TN:
SF:controllers\userController.js
FN:11,(anonymous_0)
FN:15,(anonymous_1)
FN:55,(anonymous_2)
FN:59,(anonymous_3)
FNF:4
FNH:4
FNDA:23,(anonymous_0)
FNDA:3,(anonymous_1)
FNDA:6,(anonymous_2)
FNDA:1,(anonymous_3)
DA:1,4
DA:2,4
DA:3,4
DA:4,4
DA:5,4
DA:6,4
DA:11,4
DA:12,23
DA:13,23
DA:14,3
DA:15,3
DA:18,20
DA:21,20
DA:23,20
DA:24,2
DA:25,2
DA:33,18
DA:39,18
DA:40,17
DA:47,1
DA:48,1
DA:55,4
DA:56,6
DA:57,6
DA:58,1
DA:59,1
DA:62,5
DA:65,5
DA:67,5
DA:68,2
DA:75,3
DA:76,3
DA:80,4
LF:33
LH:33
BRDA:13,0,0,3
BRDA:13,0,1,20
BRDA:23,1,0,2
BRDA:23,1,1,18
BRDA:39,2,0,17
BRDA:39,2,1,1
BRDA:57,3,0,1
BRDA:57,3,1,5
BRDA:67,4,0,2
BRDA:67,4,1,3
BRDA:67,5,0,5
BRDA:67,5,1,4
BRF:12
BRH:12
end_of_record
TN:
SF:middleware\authMiddleware.js
FN:5,(anonymous_0)
FNF:1
FNH:1
FNDA:20,(anonymous_0)
DA:1,4
DA:2,4
DA:3,4
DA:5,4
DA:8,20
DA:9,4
DA:10,4
DA:13,16
DA:15,16
DA:18,16
DA:21,15
DA:23,15
DA:24,1
DA:25,1
DA:28,14
DA:30,2
DA:32,2
DA:33,1
DA:35,1
DA:39,4
LF:20
LH:20
BRDA:8,0,0,4
BRDA:8,0,1,16
BRDA:8,1,0,20
BRDA:8,1,1,17
BRDA:23,2,0,1
BRDA:23,2,1,14
BRDA:32,3,0,1
BRDA:32,3,1,1
BRF:8
BRH:8
end_of_record
TN:
SF:middleware\errorHandler.js
FN:1,(anonymous_0)
FNF:1
FNH:1
FNDA:13,(anonymous_0)
DA:1,4
DA:2,13
DA:4,13
DA:6,13
DA:12,4
LF:5
LH:5
BRDA:2,0,0,12
BRDA:2,0,1,1
BRDA:8,1,0,0
BRDA:8,1,1,13
BRF:4
BRH:3
end_of_record
TN:
SF:models\todoModel.js
FNF:0
FNH:0
DA:1,4
DA:3,4
DA:21,4
LF:3
LH:3
BRF:0
BRH:0
end_of_record
TN:
SF:models\userModel.js
FN:34,(anonymous_0)
FNF:1
FNH:1
FNDA:21,(anonymous_0)
DA:1,6
DA:2,6
DA:4,6
DA:34,6
DA:35,21
DA:36,0
DA:40,21
DA:41,21
DA:42,21
DA:45,6
DA:46,6
LF:11
LH:10
BRDA:35,0,0,0
BRDA:35,0,1,21
BRF:2
BRH:1
end_of_record
TN:
SF:routes\todoRoutes.js
FNF:0
FNH:0
DA:1,3
DA:2,3
DA:9,3
DA:10,3
DA:11,3
DA:14,3
DA:24,3
DA:26,3
LF:8
LH:8
BRF:0
BRH:0
end_of_record
TN:
SF:routes\userRoutes.js
FNF:0
FNH:0
DA:1,3
DA:2,3
DA:3,3
DA:4,3
DA:6,3
DA:18,3
DA:24,3
LF:7
LH:7
BRF:0
BRH:0
end_of_record
TN:
SF:utils\generateToken.js
FN:4,(anonymous_0)
FNF:1
FNH:1
FNDA:18,(anonymous_0)
DA:1,5
DA:4,5
DA:5,18
DA:10,5
LF:4
LH:4
BRF:0
BRH:0
end_of_record
